0. -1.190E-5
.05 -1.89122E-6
.1 7.39304E-6
.15 1.57E-5
.2 2.28E-5
.25 2.87E-5
.3 3.32E-5
.35 3.64E-5
.4 3.84E-5
.45 3.93E-5
.5 3.93E-5
.55 3.84E-5
.6 3.71E-5
.65 3.54E-5
.7 3.35E-5
.75 3.17E-5
.8 3.01E-5
.85 2.87E-5
.9 2.77E-5
.95 2.70E-5
1. 2.68E-5
1.05 2.69E-5
1.1 2.73E-5
1.15 2.81E-5
1.2 2.90E-5
1.25 3.02E-5
1.3 3.15E-5
1.35 3.29E-5
1.4 3.44E-5
1.45 3.60E-5
1.5 3.77E-5
1.55 3.95E-5
1.6 4.14E-5
1.65 4.35E-5
1.7 4.56E-5
1.75 4.77E-5
1.8 4.98E-5
1.85 5.18E-5
1.9 5.36E-5
1.95 5.49E-5
2. 5.57E-5
2.05 5.56E-5
2.1 5.45E-5
2.15 5.21E-5
2.2 4.83E-5
2.25 4.28E-5
2.3 3.55E-5
2.35 2.62E-5
2.4 1.49E-5
2.45 1.54268E-6
2.5 -1.37E-5
2.55 -3.09E-5
2.6 -4.97E-5
2.65 -7.00E-5
2.7 -9.16E-5
2.75 -1.14E-4
2.8 -1.372E-4
2.85 -1.607E-4
2.9 -1.845E-4
2.95 -2.082E-4
3. -2.318E-4
3.05 -2.552E-4
3.1 -2.784E-4
3.15 -3.016E-4
3.2 -3.249E-4
3.25 -3.487E-4
3.3 -3.734E-4
3.35 -3.992E-4
3.4 -4.267E-4
3.45 -4.563E-4
3.5 -4.885E-4
3.55 -5.238E-4
3.6 -5.624E-4
3.65 -6.049E-4
3.7 -6.513E-4
3.75 -7.018E-4
3.8 -7.563E-4
3.85 -8.148E-4
3.9 -8.771E-4
3.95 -9.426E-4
4. -1.011E-3
4.05 -1.0817E-3
4.1 -1.154E-3
4.15 -1.2272E-3
4.2 -1.3005E-3
4.25 -1.3733E-3
4.3 -1.4448E-3
4.35 -1.5144E-3
4.4 -1.5814E-3
4.45 -1.6453E-3
4.5 -1.7057E-3
4.55 -1.7624E-3
4.6 -1.8151E-3
4.65 -1.8639E-3
4.7 -1.9089E-3
4.75 -1.9502E-3
4.8 -1.9881E-3
4.85 -2.0231E-3
4.9 -2.0556E-3
4.95 -2.0861E-3
5. -2.1151E-3
5.05 -2.1431E-3
5.1 -2.1707E-3
5.15 -2.1982E-3
5.2 -2.226E-3
5.25 -2.2544E-3
5.3 -2.2837E-3
5.35 -2.3139E-3
5.4 -2.3451E-3
5.45 -2.3772E-3
5.5 -2.4101E-3
5.55 -2.4435E-3
5.6 -2.4772E-3
5.65 -2.5108E-3
5.7 -2.544E-3
5.75 -2.5764E-3
5.8 -2.6077E-3
5.85 -2.6375E-3
5.9 -2.6657E-3
5.95 -2.6921E-3
6. -2.7164E-3
6.05 -2.7387E-3
6.1 -2.7591E-3
6.15 -2.7775E-3
6.2 -2.7942E-3
6.25 -2.8095E-3
6.3 -2.8235E-3
6.35 -2.8366E-3
6.4 -2.8489E-3
6.45 -2.8608E-3
6.5 -2.8724E-3
6.55 -2.8838E-3
6.6 -2.895E-3
6.65 -2.9058E-3
6.7 -2.9161E-3
6.75 -2.9254E-3
6.8 -2.9332E-3
6.85 -2.9389E-3
6.9 -2.9417E-3
6.95 -2.9408E-3
7. -2.9354E-3
7.05 -2.9244E-3
7.1 -2.907E-3
7.15 -2.8823E-3
7.2 -2.8495E-3
7.25 -2.8079E-3
7.3 -2.757E-3
7.35 -2.6966E-3
7.4 -2.6263E-3
7.45 -2.5465E-3
7.5 -2.4574E-3
7.55 -2.3596E-3
7.6 -2.2538E-3
7.65 -2.1409E-3
7.7 -2.0222E-3
7.75 -1.8987E-3
7.8 -1.7719E-3
7.85 -1.6428E-3
7.9 -1.5128E-3
7.95 -1.3829E-3
8. -1.2541E-3
8.05 -1.127E-3
8.1 -1.0022E-3
8.15 -8.797E-4
8.2 -7.595E-4
8.25 -6.411E-4
8.3 -5.236E-4
8.35 -4.059E-4
8.4 -2.867E-4
8.45 -1.643E-4
8.5 -3.71E-5
8.55 9.70E-5
8.6 2.397E-4
8.65 3.931E-4
8.7 5.588E-4
8.75 7.385E-4
8.8 9.335E-4
8.85 1.145E-3
8.9 1.3736E-3
8.95 1.6197E-3
9. 1.8833E-3
9.05 2.164E-3
9.1 2.461E-3
9.15 2.7732E-3
9.2 3.099E-3
9.25 3.4368E-3
9.3 3.7846E-3
9.35 4.1403E-3
9.4 4.5017E-3
9.45 4.8668E-3
9.5 5.2333E-3
9.55 5.5993E-3
9.6 5.9629E-3
9.65 6.3225E-3
9.7 6.6767E-3
9.75 7.0245E-3
9.8 7.3649E-3
9.85 7.6974E-3
9.9 8.0218E-3
9.95 8.3379E-3
10. 8.646E-3
10.05 8.9463E-3
10.1 9.2393E-3
10.15 9.5256E-3
10.2 9.8057E-3
10.25 1.00803E-2
10.3 1.03498E-2
10.35 1.06147E-2
10.4 1.08756E-2
10.45 1.11326E-2
10.5 1.13859E-2
10.55 1.16355E-2
10.6 1.18814E-2
10.65 1.21234E-2
10.7 1.23612E-2
10.75 1.25944E-2
10.8 1.28226E-2
10.85 1.30453E-2
10.9 1.3262E-2
10.95 1.34724E-2
11. 1.36758E-2
11.05 1.3872E-2
11.1 1.40607E-2
11.15 1.42414E-2
11.2 1.44141E-2
11.25 1.45786E-2
11.3 1.47348E-2
11.35 1.48828E-2
11.4 1.50224E-2
11.45 1.51539E-2
11.5 1.52774E-2
11.55 1.53929E-2
11.6 1.55005E-2
11.65 1.56004E-2
11.7 1.56927E-2
11.75 1.57774E-2
11.8 1.58545E-2
11.85 1.5924E-2
11.9 1.59857E-2
11.95 1.60397E-2
12. 1.60858E-2
12.05 1.61236E-2
12.1 1.61531E-2
12.15 1.6174E-2
12.2 1.61859E-2
12.25 1.61886E-2
12.3 1.61819E-2
12.35 1.61656E-2
12.4 1.61393E-2
12.45 1.61029E-2
12.5 1.60564E-2
12.55 1.59996E-2
12.6 1.59326E-2
12.65 1.58554E-2
12.7 1.57683E-2
12.75 1.56715E-2
12.8 1.55653E-2
12.85 1.54502E-2
12.9 1.53266E-2
12.95 1.51952E-2
13. 1.50566E-2
13.05 1.49113E-2
13.1 1.47602E-2
13.15 1.46038E-2
13.2 1.44429E-2
13.25 1.42782E-2
13.3 1.41101E-2
13.35 1.39392E-2
13.4 1.3766E-2
13.45 1.35908E-2
13.5 1.34138E-2
13.55 1.32351E-2
13.6 1.30547E-2
13.65 1.28725E-2
13.7 1.26883E-2
13.75 1.25018E-2
13.8 1.23125E-2
13.85 1.21201E-2
13.9 1.19241E-2
13.95 1.1724E-2
14. 1.15194E-2
14.05 1.13099E-2
14.1 1.10951E-2
14.15 1.08749E-2
14.2 1.0649E-2
14.25 1.04173E-2
14.3 1.018E-2
14.35 9.9371E-3
14.4 9.6889E-3
14.45 9.4358E-3
14.5 9.1781E-3
14.55 8.9163E-3
14.6 8.6509E-3
14.65 8.3824E-3
14.7 8.1113E-3
14.75 7.8381E-3
14.8 7.5632E-3
14.85 7.2872E-3
14.9 7.0103E-3
14.95 6.7331E-3
15. 6.4558E-3
15.05 6.1788E-3
15.1 5.9024E-3
15.15 5.627E-3
15.2 5.353E-3
15.25 5.081E-3
15.3 4.8113E-3
15.35 4.5446E-3
15.4 4.2817E-3
15.45 4.0233E-3
15.5 3.7702E-3
15.55 3.5234E-3
15.6 3.2838E-3
15.65 3.0522E-3
15.7 2.8298E-3
15.75 2.6171E-3
15.8 2.415E-3
15.85 2.224E-3
15.9 2.0445E-3
15.95 1.8766E-3
16. 1.7202E-3
16.05 1.5748E-3
16.1 1.44E-3
16.15 1.3147E-3
16.2 1.1979E-3
16.25 1.0882E-3
16.3 9.84E-4
16.35 8.839E-4
16.4 7.86E-4
16.45 6.888E-4
16.5 5.907E-4
16.55 4.901E-4
16.6 3.859E-4
16.65 2.77E-4
16.7 1.626E-4
16.75 4.23E-5
16.8 -8.41E-5
16.85 -2.165E-4
16.9 -3.544E-4
16.95 -4.972E-4
17. -6.441E-4
17.05 -7.94E-4
17.1 -9.458E-4
17.15 -1.0986E-3
17.2 -1.2513E-3
17.25 -1.4029E-3
17.3 -1.5529E-3
17.35 -1.7007E-3
17.4 -1.8462E-3
17.45 -1.9893E-3
17.5 -2.1305E-3
17.55 -2.2704E-3
17.6 -2.4099E-3
17.65 -2.55E-3
17.7 -2.692E-3
17.75 -2.8371E-3
17.8 -2.9868E-3
17.85 -3.1423E-3
17.9 -3.3048E-3
17.95 -3.4751E-3
18. -3.6541E-3
18.05 -3.8423E-3
18.1 -4.0397E-3
18.15 -4.2462E-3
18.2 -4.4613E-3
18.25 -4.6842E-3
18.3 -4.9139E-3
18.35 -5.1492E-3
18.4 -5.3886E-3
18.45 -5.6306E-3
18.5 -5.8737E-3
18.55 -6.1164E-3
18.6 -6.3571E-3
18.65 -6.5947E-3
18.7 -6.8279E-3
18.75 -7.056E-3
18.8 -7.2782E-3
18.85 -7.4941E-3
18.9 -7.7035E-3
18.95 -7.9064E-3
19. -8.1029E-3
19.05 -8.2935E-3
19.1 -8.4784E-3
19.15 -8.6582E-3
19.2 -8.8333E-3
19.25 -9.0042E-3
19.3 -9.1712E-3
19.35 -9.3346E-3
19.4 -9.4945E-3
19.45 -9.651E-3
19.5 -9.804E-3
19.55 -9.9532E-3
19.6 -1.00984E-2
19.65 -1.02393E-2
19.7 -1.03753E-2
19.75 -1.0506E-2
19.8 -1.0631E-2
19.85 -1.07499E-2
19.9 -1.08621E-2
19.95 -1.09673E-2
20. -1.1065E-2
20.05 -1.11548E-2
20.1 -1.12362E-2
20.15 -1.13088E-2
20.2 -1.13718E-2
20.25 -1.14245E-2
20.3 -1.14658E-2
20.35 -1.14947E-2
20.4 -1.15097E-2
20.45 -1.15091E-2
20.5 -1.14911E-2
20.55 -1.14535E-2
20.6 -1.13941E-2
20.65 -1.13106E-2
20.7 -1.12004E-2
20.75 -1.10612E-2
20.8 -1.08907E-2
20.85 -1.06871E-2
20.9 -1.04486E-2
20.95 -1.01742E-2
21. -9.8631E-3
21.05 -9.5156E-3
21.1 -9.1324E-3
21.15 -8.715E-3
21.2 -8.2657E-3
21.25 -7.7877E-3
21.3 -7.2847E-3
21.35 -6.7612E-3
21.4 -6.2222E-3
21.45 -5.6733E-3
21.5 -5.12E-3
21.55 -4.5685E-3
21.6 -4.0245E-3
21.65 -3.4937E-3
21.7 -2.9814E-3
21.75 -2.4926E-3
21.8 -2.0314E-3
21.85 -1.6013E-3
21.9 -1.205E-3
21.95 -8.442E-4
22. -5.198E-4
22.05 -2.319E-4
22.1 2.03E-5
22.15 2.384E-4
22.2 4.246E-4
22.25 5.817E-4
22.3 7.126E-4
22.35 8.21E-4
22.4 9.102E-4
22.45 9.838E-4
22.5 1.0451E-3
